0 info it worked if it ends with ok
1 verbose cli [ 'C:\\Program Files\\nodejs\\node.exe',
1 verbose cli   'C:\\Users\\WeBuy\\AppData\\Roaming\\npm\\node_modules\\npm\\bin\\npm-cli.js',
1 verbose cli   'start' ]
2 info using npm@4.1.1
3 info using node@v8.9.2
4 verbose run-script [ 'prestart', 'start', 'poststart' ]
5 info lifecycle server@1.0.0~prestart: server@1.0.0
6 silly lifecycle server@1.0.0~prestart: no script for prestart, continuing
7 info lifecycle server@1.0.0~start: server@1.0.0
8 verbose lifecycle server@1.0.0~start: unsafe-perm in lifecycle true
9 verbose lifecycle server@1.0.0~start: PATH: C:\Users\WeBuy\AppData\Roaming\npm\node_modules\npm\bin\node-gyp-bin;C:\Users\WeBuy\Desktop\Projects\JourneyJournal\heroku server\node_modules\.bin;C:\Program Files\Git\mingw64\bin;C:\Program Files\Git\usr\bin;C:\Users\WeBuy\bin;C:\ProgramData\Oracle\Java\javapath;C:\Windows\system32;C:\Windows;C:\Windows\System32\Wbem;C:\Windows\System32\WindowsPowerShell\v1.0;C:\Program Files (x86)\NVIDIA Corporation\PhysX\Common;C:\WINDOWS\system32;C:\WINDOWS;C:\WINDOWS\System32\Wbem;C:\WINDOWS\System32\WindowsPowerShell\v1.0;C:\Program Files\MongoDB\Server\3.4;C:\Program Files\Git\cmd;C:\Program Files (x86)\Skype\Phone;C:\Program Files\MySQL\MySQL Utilities 1.6;C:\Program Files\nodejs;C:\Ruby24-x64\bin;C:\Program Files (x86)\Java\jre1.8.0_101\bin;C:\Users\WeBuy\AppData\Local\Microsoft\WindowsApps;C:\Program Files\MongoDB\Server\3.4;C:\Program Files\Heroku\bin;C:\Program Files\Microsoft VS Code\bin;C:\Users\WeBuy\AppData\Roaming\npm
10 verbose lifecycle server@1.0.0~start: CWD: C:\Users\WeBuy\Desktop\Projects\JourneyJournal\heroku server
11 silly lifecycle server@1.0.0~start: Args: [ '/d /s /c', 'node ./bin/www.js' ]
12 silly lifecycle server@1.0.0~start: Returned: code: 1  signal: null
13 info lifecycle server@1.0.0~start: Failed to exec start script
14 verbose stack Error: server@1.0.0 start: `node ./bin/www.js`
14 verbose stack Exit status 1
14 verbose stack     at EventEmitter.<anonymous> (C:\Users\WeBuy\AppData\Roaming\npm\node_modules\npm\lib\utils\lifecycle.js:279:16)
14 verbose stack     at emitTwo (events.js:126:13)
14 verbose stack     at EventEmitter.emit (events.js:214:7)
14 verbose stack     at ChildProcess.<anonymous> (C:\Users\WeBuy\AppData\Roaming\npm\node_modules\npm\lib\utils\spawn.js:40:14)
14 verbose stack     at emitTwo (events.js:126:13)
14 verbose stack     at ChildProcess.emit (events.js:214:7)
14 verbose stack     at maybeClose (internal/child_process.js:925:16)
14 verbose stack     at Process.ChildProcess._handle.onexit (internal/child_process.js:209:5)
15 verbose pkgid server@1.0.0
16 verbose cwd C:\Users\WeBuy\Desktop\Projects\JourneyJournal\heroku server
17 error Windows_NT 10.0.14393
18 error argv "C:\\Program Files\\nodejs\\node.exe" "C:\\Users\\WeBuy\\AppData\\Roaming\\npm\\node_modules\\npm\\bin\\npm-cli.js" "start"
19 error node v8.9.2
20 error npm  v4.1.1
21 error code ELIFECYCLE
22 error server@1.0.0 start: `node ./bin/www.js`
22 error Exit status 1
23 error Failed at the server@1.0.0 start script 'node ./bin/www.js'.
23 error Make sure you have the latest version of node.js and npm installed.
23 error If you do, this is most likely a problem with the server package,
23 error not with npm itself.
23 error Tell the author that this fails on your system:
23 error     node ./bin/www.js
23 error You can get information on how to open an issue for this project with:
23 error     npm bugs server
23 error Or if that isn't available, you can get their info via:
23 error     npm owner ls server
23 error There is likely additional logging output above.
24 verbose exit [ 1, true ]
