0 info it worked if it ends with ok
1 verbose cli [ 'S:\\Node.js\\node.exe',
1 verbose cli   'X:\\Users\\Adam\\AppData\\Roaming\\npm\\node_modules\\npm\\bin\\npm-cli.js',
1 verbose cli   'start' ]
2 info using npm@4.0.5
3 info using node@v6.10.2
4 verbose run-script [ 'prestart', 'start', 'poststart' ]
5 info lifecycle server@1.0.0~prestart: server@1.0.0
6 silly lifecycle server@1.0.0~prestart: no script for prestart, continuing
7 info lifecycle server@1.0.0~start: server@1.0.0
8 verbose lifecycle server@1.0.0~start: unsafe-perm in lifecycle true
9 verbose lifecycle server@1.0.0~start: PATH: X:\Users\Adam\AppData\Roaming\npm\node_modules\npm\bin\node-gyp-bin;X:\Users\Adam\Desktop\JourneyJournal\server\node_modules\.bin;X:\ProgramData\Oracle\Java\javapath;X:\Ruby23-x64\bin;X:\Windows\system32;X:\Windows;X:\Windows\system32\wbem;X:\Windows\System32\WindowsPowerShell\v1.0;X:\Program Files (x86)\NVIDIA Corporation\PhysX\Common;X:\Program Files (x86)\GtkSharp\2.12\bin;X:\Windows\system32\config\systemprofile\.dnx\bin;X:\Program Files\Microsoft DNX\Dnvm;S:\Github windows\Git\bin;S:\Github windows\Git\cmd;X:\Program Files\MongoDB\Server\3.4\bin\;S:\Node.js\;S:\Android_Studio(do_budowania_na_androida);X:\gradle-3.5\bin;%JAVA_HOME%\bin;X:\Program Files (x86)\Skype\Phone\;X:\Users\Adam\AppData\Local\Programs\Python\Python36-32\Scripts\;X:\Users\Adam\AppData\Local\Programs\Python\Python36-32\;X:\Program Files (x86)\Microsoft VS Code\bin;X:\Program Files\Heroku\bin;X:\Users\Adam\AppData\Roaming\npm;X:\Users\Adam\AppData\Local\Android\Sdk\tools;X:\Users\Adam\AppData\Local\Android\Sdk\platform-tools
10 verbose lifecycle server@1.0.0~start: CWD: X:\Users\Adam\Desktop\JourneyJournal\server
11 silly lifecycle server@1.0.0~start: Args: [ '/d /s /c', 'node ./bin/www.js' ]
12 silly lifecycle server@1.0.0~start: Returned: code: 3221225786  signal: null
13 info lifecycle server@1.0.0~start: Failed to exec start script
14 verbose stack Error: server@1.0.0 start: `node ./bin/www.js`
14 verbose stack Exit status 3221225786
14 verbose stack     at EventEmitter.<anonymous> (X:\Users\Adam\AppData\Roaming\npm\node_modules\npm\lib\utils\lifecycle.js:279:16)
14 verbose stack     at emitTwo (events.js:106:13)
14 verbose stack     at EventEmitter.emit (events.js:191:7)
14 verbose stack     at ChildProcess.<anonymous> (X:\Users\Adam\AppData\Roaming\npm\node_modules\npm\lib\utils\spawn.js:40:14)
14 verbose stack     at emitTwo (events.js:106:13)
14 verbose stack     at ChildProcess.emit (events.js:191:7)
14 verbose stack     at maybeClose (internal/child_process.js:886:16)
14 verbose stack     at Process.ChildProcess._handle.onexit (internal/child_process.js:226:5)
15 verbose pkgid server@1.0.0
16 verbose cwd X:\Users\Adam\Desktop\JourneyJournal\server
17 error Windows_NT 6.1.7601
18 error argv "S:\\Node.js\\node.exe" "X:\\Users\\Adam\\AppData\\Roaming\\npm\\node_modules\\npm\\bin\\npm-cli.js" "start"
19 error node v6.10.2
20 error npm  v4.0.5
21 error code ELIFECYCLE
22 error server@1.0.0 start: `node ./bin/www.js`
22 error Exit status 3221225786
23 error Failed at the server@1.0.0 start script 'node ./bin/www.js'.
23 error Make sure you have the latest version of node.js and npm installed.
23 error If you do, this is most likely a problem with the server package,
23 error not with npm itself.
23 error Tell the author that this fails on your system:
23 error     node ./bin/www.js
23 error You can get information on how to open an issue for this project with:
23 error     npm bugs server
23 error Or if that isn't available, you can get their info via:
23 error     npm owner ls server
23 error There is likely additional logging output above.
24 verbose exit [ 1, true ]
